Performing C SOURCE FILE Test CMAKE_HAVE_LIBC_PTHREAD failed with the following output:
Change Dir: /study/networking/Non_Blocking/cmake-build-debug/CMakeFiles/CMakeTmp

Run Build Command(s):/usr/bin/make cmTC_e305f/fast && /usr/bin/make -f CMakeFiles/cmTC_e305f.dir/build.make CMakeFiles/cmTC_e305f.dir/build
make[1]: Entering directory '/study/networking/Non_Blocking/cmake-build-debug/CMakeFiles/CMakeTmp'
Building C object CMakeFiles/cmTC_e305f.dir/src.c.o
/usr/bin/cc   -DCMAKE_HAVE_LIBC_PTHREAD   -o CMakeFiles/cmTC_e305f.dir/src.c.o   -c /study/networking/Non_Blocking/cmake-build-debug/CMakeFiles/CMakeTmp/src.c
Linking C executable cmTC_e305f
/home/minhtam/.local/share/JetBrains/Toolbox/apps/CLion/ch-0/193.5233.144/bin/cmake/linux/bin/cmake -E cmake_link_script CMakeFiles/cmTC_e305f.dir/link.txt --verbose=1
/usr/bin/cc  -DCMAKE_HAVE_LIBC_PTHREAD    CMakeFiles/cmTC_e305f.dir/src.c.o  -o cmTC_e305f 
CMakeFiles/cmTC_e305f.dir/src.c.o: In function `main':
src.c:(.text+0x3c): undefined reference to `pthread_create'
src.c:(.text+0x48): undefined reference to `pthread_detach'
src.c:(.text+0x59): undefined reference to `pthread_join'
src.c:(.text+0x6d): undefined reference to `pthread_atfork'
collect2: error: ld returned 1 exit status
CMakeFiles/cmTC_e305f.dir/build.make:86: recipe for target 'cmTC_e305f' failed
make[1]: *** [cmTC_e305f] Error 1
make[1]: Leaving directory '/study/networking/Non_Blocking/cmake-build-debug/CMakeFiles/CMakeTmp'
Makefile:121: recipe for target 'cmTC_e305f/fast' failed
make: *** [cmTC_e305f/fast] Error 2


Source file was:
#include <pthread.h>

void* test_func(void* data)
{
  return data;
}

int main(void)
{
  pthread_t thread;
  pthread_create(&thread, NULL, test_func, NULL);
  pthread_detach(thread);
  pthread_join(thread, NULL);
  pthread_atfork(NULL, NULL, NULL);
  pthread_exit(NULL);

  return 0;
}

Determining if the function pthread_create exists in the pthreads failed with the following output:
Change Dir: /study/networking/Non_Blocking/cmake-build-debug/CMakeFiles/CMakeTmp

Run Build Command(s):/usr/bin/make cmTC_24a21/fast && /usr/bin/make -f CMakeFiles/cmTC_24a21.dir/build.make CMakeFiles/cmTC_24a21.dir/build
make[1]: Entering directory '/study/networking/Non_Blocking/cmake-build-debug/CMakeFiles/CMakeTmp'
Building C object CMakeFiles/cmTC_24a21.dir/CheckFunctionExists.c.o
/usr/bin/cc   -DCHECK_FUNCTION_EXISTS=pthread_create   -o CMakeFiles/cmTC_24a21.dir/CheckFunctionExists.c.o   -c /home/minhtam/.local/share/JetBrains/Toolbox/apps/CLion/ch-0/193.5233.144/bin/cmake/linux/share/cmake-3.15/Modules/CheckFunctionExists.c
Linking C executable cmTC_24a21
/home/minhtam/.local/share/JetBrains/Toolbox/apps/CLion/ch-0/193.5233.144/bin/cmake/linux/bin/cmake -E cmake_link_script CMakeFiles/cmTC_24a21.dir/link.txt --verbose=1
/usr/bin/cc  -DCHECK_FUNCTION_EXISTS=pthread_create    CMakeFiles/cmTC_24a21.dir/CheckFunctionExists.c.o  -o cmTC_24a21 -lpthreads 
/usr/bin/ld: cannot find -lpthreads
collect2: error: ld returned 1 exit status
CMakeFiles/cmTC_24a21.dir/build.make:86: recipe for target 'cmTC_24a21' failed
make[1]: *** [cmTC_24a21] Error 1
make[1]: Leaving directory '/study/networking/Non_Blocking/cmake-build-debug/CMakeFiles/CMakeTmp'
Makefile:121: recipe for target 'cmTC_24a21/fast' failed
make: *** [cmTC_24a21/fast] Error 2



